٢٠٢٢-٠٦-١٢ ٠٢:٤٤:٤٣.٤٣٢  WARN 4392 --- [HikariPool-1 housekeeper] com.zaxxer.hikari.pool.HikariPool        : HikariPool-1 - Thread starvation or clock leap detected (housekeeper delta=2m39s530ms225µs100ns).
٢٠٢٢-٠٦-١٢ ٠٢:٤٧:١٥.٢٠١  INFO 4392 --- [SpringApplicationShutdownHook] j.LocalContainerEntityManagerFactoryBean : Closing JPA EntityManagerFactory for persistence unit 'default'
٢٠٢٢-٠٦-١٢ ٠٢:٤٧:١٥.٥٤٧  INFO 4392 --- [SpringApplicationShutdownHook] com.zaxxer.hikari.HikariDataSource       : HikariPool-1 - Shutdown initiated...
٢٠٢٢-٠٦-١٢ ٠٢:٤٧:١٦.٢٠٤  INFO 4392 --- [SpringApplicationShutdownHook] com.zaxxer.hikari.HikariDataSource       : HikariPool-1 - Shutdown completed.
٢٠٢٢-٠٦-١٢ ٠٢:٤٧:٤٧.٨٠٥  INFO 14684 --- [main] c.e.f.FinalProjectApplication            : Starting FinalProjectApplication using Java 18.0.1.1 on DESKTOP-MFT0JTO with PID 14684 (C:\Users\USER\Desktop\FinalProject\target\classes started by USER in C:\Users\USER\Desktop\FinalProject)
٢٠٢٢-٠٦-١٢ ٠٢:٤٧:٤٧.٨١٣  INFO 14684 --- [main] c.e.f.FinalProjectApplication            : No active profile set, falling back to 1 default profile: "default"
٢٠٢٢-٠٦-١٢ ٠٢:٤٧:٥٠.١٥٥  INFO 14684 --- [main] .s.d.r.c.RepositoryConfigurationDelegate : Bootstrapping Spring Data JPA repositories in DEFAULT mode.
٢٠٢٢-٠٦-١٢ ٠٢:٤٧:٥٠.٣٤٢  INFO 14684 --- [main] .s.d.r.c.RepositoryConfigurationDelegate : Finished Spring Data repository scanning in 146 ms. Found 4 JPA repository interfaces.
٢٠٢٢-٠٦-١٢ ٠٢:٤٧:٥١.٧٢٨  INFO 14684 --- [main] o.s.b.w.embedded.tomcat.TomcatWebServer  : Tomcat initialized with port(s): 8080 (http)
٢٠٢٢-٠٦-١٢ ٠٢:٤٧:٥١.٧٦٥  INFO 14684 --- [main] o.apache.catalina.core.StandardService   : Starting service [Tomcat]
٢٠٢٢-٠٦-١٢ ٠٢:٤٧:٥١.٧٦٧  INFO 14684 --- [main] org.apache.catalina.core.StandardEngine  : Starting Servlet engine: [Apache Tomcat/9.0.63]
٢٠٢٢-٠٦-١٢ ٠٢:٤٧:٥٢.٠٧٧  INFO 14684 --- [main] o.a.c.c.C.[Tomcat].[localhost].[/]       : Initializing Spring embedded WebApplicationContext
٢٠٢٢-٠٦-١٢ ٠٢:٤٧:٥٢.٠٧٨  INFO 14684 --- [main] w.s.c.ServletWebServerApplicationContext : Root WebApplicationContext: initialization completed in 4097 ms
٢٠٢٢-٠٦-١٢ ٠٢:٤٧:٥٢.٣٤٢  INFO 14684 --- [main] o.hibernate.jpa.internal.util.LogHelper  : HHH000204: Processing PersistenceUnitInfo [name: default]
٢٠٢٢-٠٦-١٢ ٠٢:٤٧:٥٢.٤٥٧  INFO 14684 --- [main] org.hibernate.Version                    : HHH000412: Hibernate ORM core version 5.6.9.Final
٢٠٢٢-٠٦-١٢ ٠٢:٤٧:٥٢.٧٩٧  INFO 14684 --- [main] o.hibernate.annotations.common.Version   : HCANN000001: Hibernate Commons Annotations {5.1.2.Final}
٢٠٢٢-٠٦-١٢ ٠٢:٤٧:٥٣.٠٩٦  INFO 14684 --- [main] com.zaxxer.hikari.HikariDataSource       : HikariPool-1 - Starting...
٢٠٢٢-٠٦-١٢ ٠٢:٤٧:٥٥.٦١٤  INFO 14684 --- [main] com.zaxxer.hikari.HikariDataSource       : HikariPool-1 - Start completed.
٢٠٢٢-٠٦-١٢ ٠٢:٤٧:٥٥.٦٤٧  INFO 14684 --- [main] org.hibernate.dialect.Dialect            : HHH000400: Using dialect: org.hibernate.dialect.MySQL5InnoDBDialect
٢٠٢٢-٠٦-١٢ ٠٢:٤٨:٠٠.٠٠٢  WARN 14684 --- [main] o.h.t.s.i.ExceptionHandlerLoggedImpl     : GenerationTarget encountered exception accepting command : Error executing DDL "alter table needs add constraint FK4b7mjba3hpvbpk2sf2vdo37v0 foreign key (dite_id) references dite (id)" via JDBC Statement

org.hibernate.tool.schema.spi.CommandAcceptanceException: Error executing DDL "alter table needs add constraint FK4b7mjba3hpvbpk2sf2vdo37v0 foreign key (dite_id) references dite (id)" via JDBC Statement
	at org.hibernate.tool.schema.internal.exec.GenerationTargetToDatabase.accept(GenerationTargetToDatabase.java:67) ~[hibernate-core-5.6.9.Final.jar:5.6.9.Final]
	at org.hibernate.tool.schema.internal.AbstractSchemaMigrator.applySqlString(AbstractSchemaMigrator.java:581) ~[hibernate-core-5.6.9.Final.jar:5.6.9.Final]
	at org.hibernate.tool.schema.internal.AbstractSchemaMigrator.applySqlStrings(AbstractSchemaMigrator.java:526) ~[hibernate-core-5.6.9.Final.jar:5.6.9.Final]
	at org.hibernate.tool.schema.internal.AbstractSchemaMigrator.applyForeignKeys(AbstractSchemaMigrator.java:452) ~[hibernate-core-5.6.9.Final.jar:5.6.9.Final]
	at org.hibernate.tool.schema.internal.AbstractSchemaMigrator.performMigration(AbstractSchemaMigrator.java:263) ~[hibernate-core-5.6.9.Final.jar:5.6.9.Final]
	at org.hibernate.tool.schema.internal.AbstractSchemaMigrator.doMigration(AbstractSchemaMigrator.java:123) ~[hibernate-core-5.6.9.Final.jar:5.6.9.Final]
	at org.hibernate.tool.schema.spi.SchemaManagementToolCoordinator.performDatabaseAction(SchemaManagementToolCoordinator.java:196) ~[hibernate-core-5.6.9.Final.jar:5.6.9.Final]
	at org.hibernate.tool.schema.spi.SchemaManagementToolCoordinator.process(SchemaManagementToolCoordinator.java:85) ~[hibernate-core-5.6.9.Final.jar:5.6.9.Final]
	at org.hibernate.internal.SessionFactoryImpl.<init>(SessionFactoryImpl.java:335) ~[hibernate-core-5.6.9.Final.jar:5.6.9.Final]
	at org.hibernate.boot.internal.SessionFactoryBuilderImpl.build(SessionFactoryBuilderImpl.java:471) ~[hibernate-core-5.6.9.Final.jar:5.6.9.Final]
	at org.hibernate.jpa.boot.internal.EntityManagerFactoryBuilderImpl.build(EntityManagerFactoryBuilderImpl.java:1498) ~[hibernate-core-5.6.9.Final.jar:5.6.9.Final]
	at org.springframework.orm.jpa.vendor.SpringHibernateJpaPersistenceProvider.createContainerEntityManagerFactory(SpringHibernateJpaPersistenceProvider.java:58) ~[spring-orm-5.3.20.jar:5.3.20]
	at org.springframework.orm.jpa.LocalContainerEntityManagerFactoryBean.createNativeEntityManagerFactory(LocalContainerEntityManagerFactoryBean.java:365) ~[spring-orm-5.3.20.jar:5.3.20]
	at org.springframework.orm.jpa.AbstractEntityManagerFactoryBean.buildNativeEntityManagerFactory(AbstractEntityManagerFactoryBean.java:409) ~[spring-orm-5.3.20.jar:5.3.20]
	at org.springframework.orm.jpa.AbstractEntityManagerFactoryBean.afterPropertiesSet(AbstractEntityManagerFactoryBean.java:396) ~[spring-orm-5.3.20.jar:5.3.20]
	at org.springframework.orm.jpa.LocalContainerEntityManagerFactoryBean.afterPropertiesSet(LocalContainerEntityManagerFactoryBean.java:341) ~[spring-orm-5.3.20.jar:5.3.20]
	at org.springframework.beans.factory.support.AbstractAutowireCapableBeanFactory.invokeInitMethods(AbstractAutowireCapableBeanFactory.java:1863) ~[spring-beans-5.3.20.jar:5.3.20]
	at org.springframework.beans.factory.support.AbstractAutowireCapableBeanFactory.initializeBean(AbstractAutowireCapableBeanFactory.java:1800) ~[spring-beans-5.3.20.jar:5.3.20]
	at org.springframework.beans.factory.support.AbstractAutowireCapableBeanFactory.doCreateBean(AbstractAutowireCapableBeanFactory.java:620) ~[spring-beans-5.3.20.jar:5.3.20]
	at org.springframework.beans.factory.support.AbstractAutowireCapableBeanFactory.createBean(AbstractAutowireCapableBeanFactory.java:542) ~[spring-beans-5.3.20.jar:5.3.20]
	at org.springframework.beans.factory.support.AbstractBeanFactory.lambda$doGetBean$0(AbstractBeanFactory.java:335) ~[spring-beans-5.3.20.jar:5.3.20]
	at org.springframework.beans.factory.support.DefaultSingletonBeanRegistry.getSingleton(DefaultSingletonBeanRegistry.java:234) ~[spring-beans-5.3.20.jar:5.3.20]
	at org.springframework.beans.factory.support.AbstractBeanFactory.doGetBean(AbstractBeanFactory.java:333) ~[spring-beans-5.3.20.jar:5.3.20]
	at org.springframework.beans.factory.support.AbstractBeanFactory.getBean(AbstractBeanFactory.java:208) ~[spring-beans-5.3.20.jar:5.3.20]
	at org.springframework.context.support.AbstractApplicationContext.getBean(AbstractApplicationContext.java:1154) ~[spring-context-5.3.20.jar:5.3.20]
	at org.springframework.context.support.AbstractApplicationContext.finishBeanFactoryInitialization(AbstractApplicationContext.java:908) ~[spring-context-5.3.20.jar:5.3.20]
	at org.springframework.context.support.AbstractApplicationContext.refresh(AbstractApplicationContext.java:583) ~[spring-context-5.3.20.jar:5.3.20]
	at org.springframework.boot.web.servlet.context.ServletWebServerApplicationContext.refresh(ServletWebServerApplicationContext.java:147) ~[spring-boot-2.7.0.jar:2.7.0]
	at org.springframework.boot.SpringApplication.refresh(SpringApplication.java:734) ~[spring-boot-2.7.0.jar:2.7.0]
	at org.springframework.boot.SpringApplication.refreshContext(SpringApplication.java:408) ~[spring-boot-2.7.0.jar:2.7.0]
	at org.springframework.boot.SpringApplication.run(SpringApplication.java:308) ~[spring-boot-2.7.0.jar:2.7.0]
	at org.springframework.boot.SpringApplication.run(SpringApplication.java:1306) ~[spring-boot-2.7.0.jar:2.7.0]
	at org.springframework.boot.SpringApplication.run(SpringApplication.java:1295) ~[spring-boot-2.7.0.jar:2.7.0]
	at com.example.finalproject.FinalProjectApplication.main(FinalProjectApplication.java:10) ~[classes/:na]
Caused by: com.mysql.cj.jdbc.exceptions.MySQLQueryInterruptedException: foreign key constraints are not allowed, see https://vitess.io/blog/2021-06-15-online-ddl-why-no-fk/
	at com.mysql.cj.jdbc.exceptions.SQLError.createSQLException(SQLError.java:126) ~[mysql-connector-java-8.0.29.jar:8.0.29]
	at com.mysql.cj.jdbc.exceptions.SQLExceptionsMapping.translateException(SQLExceptionsMapping.java:122) ~[mysql-connector-java-8.0.29.jar:8.0.29]
	at com.mysql.cj.jdbc.StatementImpl.executeInternal(StatementImpl.java:763) ~[mysql-connector-java-8.0.29.jar:8.0.29]
	at com.mysql.cj.jdbc.StatementImpl.execute(StatementImpl.java:648) ~[mysql-connector-java-8.0.29.jar:8.0.29]
	at com.zaxxer.hikari.pool.ProxyStatement.execute(ProxyStatement.java:94) ~[HikariCP-4.0.3.jar:na]
	at com.zaxxer.hikari.pool.HikariProxyStatement.execute(HikariProxyStatement.java) ~[HikariCP-4.0.3.jar:na]
	at org.hibernate.tool.schema.internal.exec.GenerationTargetToDatabase.accept(GenerationTargetToDatabase.java:54) ~[hibernate-core-5.6.9.Final.jar:5.6.9.Final]
	... 33 common frames omitted

٢٠٢٢-٠٦-١٢ ٠٢:٤٨:٠٠.٣٢٩  WARN 14684 --- [main] o.h.t.s.i.ExceptionHandlerLoggedImpl     : GenerationTarget encountered exception accepting command : Error executing DDL "alter table needs add constraint FK9om76em4pnle1rspng1whp6hv foreign key (requirements_myusers_id) references requirements (myusers_id)" via JDBC Statement

org.hibernate.tool.schema.spi.CommandAcceptanceException: Error executing DDL "alter table needs add constraint FK9om76em4pnle1rspng1whp6hv foreign key (requirements_myusers_id) references requirements (myusers_id)" via JDBC Statement
	at org.hibernate.tool.schema.internal.exec.GenerationTargetToDatabase.accept(GenerationTargetToDatabase.java:67) ~[hibernate-core-5.6.9.Final.jar:5.6.9.Final]
	at org.hibernate.tool.schema.internal.AbstractSchemaMigrator.applySqlString(AbstractSchemaMigrator.java:581) ~[hibernate-core-5.6.9.Final.jar:5.6.9.Final]
	at org.hibernate.tool.schema.internal.AbstractSchemaMigrator.applySqlStrings(AbstractSchemaMigrator.java:526) ~[hibernate-core-5.6.9.Final.jar:5.6.9.Final]
	at org.hibernate.tool.schema.internal.AbstractSchemaMigrator.applyForeignKeys(AbstractSchemaMigrator.java:452) ~[hibernate-core-5.6.9.Final.jar:5.6.9.Final]
	at org.hibernate.tool.schema.internal.AbstractSchemaMigrator.performMigration(AbstractSchemaMigrator.java:263) ~[hibernate-core-5.6.9.Final.jar:5.6.9.Final]
	at org.hibernate.tool.schema.internal.AbstractSchemaMigrator.doMigration(AbstractSchemaMigrator.java:123) ~[hibernate-core-5.6.9.Final.jar:5.6.9.Final]
	at org.hibernate.tool.schema.spi.SchemaManagementToolCoordinator.performDatabaseAction(SchemaManagementToolCoordinator.java:196) ~[hibernate-core-5.6.9.Final.jar:5.6.9.Final]
	at org.hibernate.tool.schema.spi.SchemaManagementToolCoordinator.process(SchemaManagementToolCoordinator.java:85) ~[hibernate-core-5.6.9.Final.jar:5.6.9.Final]
	at org.hibernate.internal.SessionFactoryImpl.<init>(SessionFactoryImpl.java:335) ~[hibernate-core-5.6.9.Final.jar:5.6.9.Final]
	at org.hibernate.boot.internal.SessionFactoryBuilderImpl.build(SessionFactoryBuilderImpl.java:471) ~[hibernate-core-5.6.9.Final.jar:5.6.9.Final]
	at org.hibernate.jpa.boot.internal.EntityManagerFactoryBuilderImpl.build(EntityManagerFactoryBuilderImpl.java:1498) ~[hibernate-core-5.6.9.Final.jar:5.6.9.Final]
	at org.springframework.orm.jpa.vendor.SpringHibernateJpaPersistenceProvider.createContainerEntityManagerFactory(SpringHibernateJpaPersistenceProvider.java:58) ~[spring-orm-5.3.20.jar:5.3.20]
	at org.springframework.orm.jpa.LocalContainerEntityManagerFactoryBean.createNativeEntityManagerFactory(LocalContainerEntityManagerFactoryBean.java:365) ~[spring-orm-5.3.20.jar:5.3.20]
	at org.springframework.orm.jpa.AbstractEntityManagerFactoryBean.buildNativeEntityManagerFactory(AbstractEntityManagerFactoryBean.java:409) ~[spring-orm-5.3.20.jar:5.3.20]
	at org.springframework.orm.jpa.AbstractEntityManagerFactoryBean.afterPropertiesSet(AbstractEntityManagerFactoryBean.java:396) ~[spring-orm-5.3.20.jar:5.3.20]
	at org.springframework.orm.jpa.LocalContainerEntityManagerFactoryBean.afterPropertiesSet(LocalContainerEntityManagerFactoryBean.java:341) ~[spring-orm-5.3.20.jar:5.3.20]
	at org.springframework.beans.factory.support.AbstractAutowireCapableBeanFactory.invokeInitMethods(AbstractAutowireCapableBeanFactory.java:1863) ~[spring-beans-5.3.20.jar:5.3.20]
	at org.springframework.beans.factory.support.AbstractAutowireCapableBeanFactory.initializeBean(AbstractAutowireCapableBeanFactory.java:1800) ~[spring-beans-5.3.20.jar:5.3.20]
	at org.springframework.beans.factory.support.AbstractAutowireCapableBeanFactory.doCreateBean(AbstractAutowireCapableBeanFactory.java:620) ~[spring-beans-5.3.20.jar:5.3.20]
	at org.springframework.beans.factory.support.AbstractAutowireCapableBeanFactory.createBean(AbstractAutowireCapableBeanFactory.java:542) ~[spring-beans-5.3.20.jar:5.3.20]
	at org.springframework.beans.factory.support.AbstractBeanFactory.lambda$doGetBean$0(AbstractBeanFactory.java:335) ~[spring-beans-5.3.20.jar:5.3.20]
	at org.springframework.beans.factory.support.DefaultSingletonBeanRegistry.getSingleton(DefaultSingletonBeanRegistry.java:234) ~[spring-beans-5.3.20.jar:5.3.20]
	at org.springframework.beans.factory.support.AbstractBeanFactory.doGetBean(AbstractBeanFactory.java:333) ~[spring-beans-5.3.20.jar:5.3.20]
	at org.springframework.beans.factory.support.AbstractBeanFactory.getBean(AbstractBeanFactory.java:208) ~[spring-beans-5.3.20.jar:5.3.20]
	at org.springframework.context.support.AbstractApplicationContext.getBean(AbstractApplicationContext.java:1154) ~[spring-context-5.3.20.jar:5.3.20]
	at org.springframework.context.support.AbstractApplicationContext.finishBeanFactoryInitialization(AbstractApplicationContext.java:908) ~[spring-context-5.3.20.jar:5.3.20]
	at org.springframework.context.support.AbstractApplicationContext.refresh(AbstractApplicationContext.java:583) ~[spring-context-5.3.20.jar:5.3.20]
	at org.springframework.boot.web.servlet.context.ServletWebServerApplicationContext.refresh(ServletWebServerApplicationContext.java:147) ~[spring-boot-2.7.0.jar:2.7.0]
	at org.springframework.boot.SpringApplication.refresh(SpringApplication.java:734) ~[spring-boot-2.7.0.jar:2.7.0]
	at org.springframework.boot.SpringApplication.refreshContext(SpringApplication.java:408) ~[spring-boot-2.7.0.jar:2.7.0]
	at org.springframework.boot.SpringApplication.run(SpringApplication.java:308) ~[spring-boot-2.7.0.jar:2.7.0]
	at org.springframework.boot.SpringApplication.run(SpringApplication.java:1306) ~[spring-boot-2.7.0.jar:2.7.0]
	at org.springframework.boot.SpringApplication.run(SpringApplication.java:1295) ~[spring-boot-2.7.0.jar:2.7.0]
	at com.example.finalproject.FinalProjectApplication.main(FinalProjectApplication.java:10) ~[classes/:na]
Caused by: com.mysql.cj.jdbc.exceptions.MySQLQueryInterruptedException: foreign key constraints are not allowed, see https://vitess.io/blog/2021-06-15-online-ddl-why-no-fk/
	at com.mysql.cj.jdbc.exceptions.SQLError.createSQLException(SQLError.java:126) ~[mysql-connector-java-8.0.29.jar:8.0.29]
	at com.mysql.cj.jdbc.exceptions.SQLExceptionsMapping.translateException(SQLExceptionsMapping.java:122) ~[mysql-connector-java-8.0.29.jar:8.0.29]
	at com.mysql.cj.jdbc.StatementImpl.executeInternal(StatementImpl.java:763) ~[mysql-connector-java-8.0.29.jar:8.0.29]
	at com.mysql.cj.jdbc.StatementImpl.execute(StatementImpl.java:648) ~[mysql-connector-java-8.0.29.jar:8.0.29]
	at com.zaxxer.hikari.pool.ProxyStatement.execute(ProxyStatement.java:94) ~[HikariCP-4.0.3.jar:na]
	at com.zaxxer.hikari.pool.HikariProxyStatement.execute(HikariProxyStatement.java) ~[HikariCP-4.0.3.jar:na]
	at org.hibernate.tool.schema.internal.exec.GenerationTargetToDatabase.accept(GenerationTargetToDatabase.java:54) ~[hibernate-core-5.6.9.Final.jar:5.6.9.Final]
	... 33 common frames omitted

٢٠٢٢-٠٦-١٢ ٠٢:٤٨:٠١.٠١٥  WARN 14684 --- [main] o.h.t.s.i.ExceptionHandlerLoggedImpl     : GenerationTarget encountered exception accepting command : Error executing DDL "alter table requirements add constraint FKq0xrtk31u25ywb9b001iihtpa foreign key (myusers_id) references my_users (id)" via JDBC Statement

org.hibernate.tool.schema.spi.CommandAcceptanceException: Error executing DDL "alter table requirements add constraint FKq0xrtk31u25ywb9b001iihtpa foreign key (myusers_id) references my_users (id)" via JDBC Statement
	at org.hibernate.tool.schema.internal.exec.GenerationTargetToDatabase.accept(GenerationTargetToDatabase.java:67) ~[hibernate-core-5.6.9.Final.jar:5.6.9.Final]
	at org.hibernate.tool.schema.internal.AbstractSchemaMigrator.applySqlString(AbstractSchemaMigrator.java:581) ~[hibernate-core-5.6.9.Final.jar:5.6.9.Final]
	at org.hibernate.tool.schema.internal.AbstractSchemaMigrator.applySqlStrings(AbstractSchemaMigrator.java:526) ~[hibernate-core-5.6.9.Final.jar:5.6.9.Final]
	at org.hibernate.tool.schema.internal.AbstractSchemaMigrator.applyForeignKeys(AbstractSchemaMigrator.java:452) ~[hibernate-core-5.6.9.Final.jar:5.6.9.Final]
	at org.hibernate.tool.schema.internal.AbstractSchemaMigrator.performMigration(AbstractSchemaMigrator.java:263) ~[hibernate-core-5.6.9.Final.jar:5.6.9.Final]
	at org.hibernate.tool.schema.internal.AbstractSchemaMigrator.doMigration(AbstractSchemaMigrator.java:123) ~[hibernate-core-5.6.9.Final.jar:5.6.9.Final]
	at org.hibernate.tool.schema.spi.SchemaManagementToolCoordinator.performDatabaseAction(SchemaManagementToolCoordinator.java:196) ~[hibernate-core-5.6.9.Final.jar:5.6.9.Final]
	at org.hibernate.tool.schema.spi.SchemaManagementToolCoordinator.process(SchemaManagementToolCoordinator.java:85) ~[hibernate-core-5.6.9.Final.jar:5.6.9.Final]
	at org.hibernate.internal.SessionFactoryImpl.<init>(SessionFactoryImpl.java:335) ~[hibernate-core-5.6.9.Final.jar:5.6.9.Final]
	at org.hibernate.boot.internal.SessionFactoryBuilderImpl.build(SessionFactoryBuilderImpl.java:471) ~[hibernate-core-5.6.9.Final.jar:5.6.9.Final]
	at org.hibernate.jpa.boot.internal.EntityManagerFactoryBuilderImpl.build(EntityManagerFactoryBuilderImpl.java:1498) ~[hibernate-core-5.6.9.Final.jar:5.6.9.Final]
	at org.springframework.orm.jpa.vendor.SpringHibernateJpaPersistenceProvider.createContainerEntityManagerFactory(SpringHibernateJpaPersistenceProvider.java:58) ~[spring-orm-5.3.20.jar:5.3.20]
	at org.springframework.orm.jpa.LocalContainerEntityManagerFactoryBean.createNativeEntityManagerFactory(LocalContainerEntityManagerFactoryBean.java:365) ~[spring-orm-5.3.20.jar:5.3.20]
	at org.springframework.orm.jpa.AbstractEntityManagerFactoryBean.buildNativeEntityManagerFactory(AbstractEntityManagerFactoryBean.java:409) ~[spring-orm-5.3.20.jar:5.3.20]
	at org.springframework.orm.jpa.AbstractEntityManagerFactoryBean.afterPropertiesSet(AbstractEntityManagerFactoryBean.java:396) ~[spring-orm-5.3.20.jar:5.3.20]
	at org.springframework.orm.jpa.LocalContainerEntityManagerFactoryBean.afterPropertiesSet(LocalContainerEntityManagerFactoryBean.java:341) ~[spring-orm-5.3.20.jar:5.3.20]
	at org.springframework.beans.factory.support.AbstractAutowireCapableBeanFactory.invokeInitMethods(AbstractAutowireCapableBeanFactory.java:1863) ~[spring-beans-5.3.20.jar:5.3.20]
	at org.springframework.beans.factory.support.AbstractAutowireCapableBeanFactory.initializeBean(AbstractAutowireCapableBeanFactory.java:1800) ~[spring-beans-5.3.20.jar:5.3.20]
	at org.springframework.beans.factory.support.AbstractAutowireCapableBeanFactory.doCreateBean(AbstractAutowireCapableBeanFactory.java:620) ~[spring-beans-5.3.20.jar:5.3.20]
	at org.springframework.beans.factory.support.AbstractAutowireCapableBeanFactory.createBean(AbstractAutowireCapableBeanFactory.java:542) ~[spring-beans-5.3.20.jar:5.3.20]
	at org.springframework.beans.factory.support.AbstractBeanFactory.lambda$doGetBean$0(AbstractBeanFactory.java:335) ~[spring-beans-5.3.20.jar:5.3.20]
	at org.springframework.beans.factory.support.DefaultSingletonBeanRegistry.getSingleton(DefaultSingletonBeanRegistry.java:234) ~[spring-beans-5.3.20.jar:5.3.20]
	at org.springframework.beans.factory.support.AbstractBeanFactory.doGetBean(AbstractBeanFactory.java:333) ~[spring-beans-5.3.20.jar:5.3.20]
	at org.springframework.beans.factory.support.AbstractBeanFactory.getBean(AbstractBeanFactory.java:208) ~[spring-beans-5.3.20.jar:5.3.20]
	at org.springframework.context.support.AbstractApplicationContext.getBean(AbstractApplicationContext.java:1154) ~[spring-context-5.3.20.jar:5.3.20]
	at org.springframework.context.support.AbstractApplicationContext.finishBeanFactoryInitialization(AbstractApplicationContext.java:908) ~[spring-context-5.3.20.jar:5.3.20]
	at org.springframework.context.support.AbstractApplicationContext.refresh(AbstractApplicationContext.java:583) ~[spring-context-5.3.20.jar:5.3.20]
	at org.springframework.boot.web.servlet.context.ServletWebServerApplicationContext.refresh(ServletWebServerApplicationContext.java:147) ~[spring-boot-2.7.0.jar:2.7.0]
	at org.springframework.boot.SpringApplication.refresh(SpringApplication.java:734) ~[spring-boot-2.7.0.jar:2.7.0]
	at org.springframework.boot.SpringApplication.refreshContext(SpringApplication.java:408) ~[spring-boot-2.7.0.jar:2.7.0]
	at org.springframework.boot.SpringApplication.run(SpringApplication.java:308) ~[spring-boot-2.7.0.jar:2.7.0]
	at org.springframework.boot.SpringApplication.run(SpringApplication.java:1306) ~[spring-boot-2.7.0.jar:2.7.0]
	at org.springframework.boot.SpringApplication.run(SpringApplication.java:1295) ~[spring-boot-2.7.0.jar:2.7.0]
	at com.example.finalproject.FinalProjectApplication.main(FinalProjectApplication.java:10) ~[classes/:na]
Caused by: com.mysql.cj.jdbc.exceptions.MySQLQueryInterruptedException: foreign key constraints are not allowed, see https://vitess.io/blog/2021-06-15-online-ddl-why-no-fk/
	at com.mysql.cj.jdbc.exceptions.SQLError.createSQLException(SQLError.java:126) ~[mysql-connector-java-8.0.29.jar:8.0.29]
	at com.mysql.cj.jdbc.exceptions.SQLExceptionsMapping.translateException(SQLExceptionsMapping.java:122) ~[mysql-connector-java-8.0.29.jar:8.0.29]
	at com.mysql.cj.jdbc.StatementImpl.executeInternal(StatementImpl.java:763) ~[mysql-connector-java-8.0.29.jar:8.0.29]
	at com.mysql.cj.jdbc.StatementImpl.execute(StatementImpl.java:648) ~[mysql-connector-java-8.0.29.jar:8.0.29]
	at com.zaxxer.hikari.pool.ProxyStatement.execute(ProxyStatement.java:94) ~[HikariCP-4.0.3.jar:na]
	at com.zaxxer.hikari.pool.HikariProxyStatement.execute(HikariProxyStatement.java) ~[HikariCP-4.0.3.jar:na]
	at org.hibernate.tool.schema.internal.exec.GenerationTargetToDatabase.accept(GenerationTargetToDatabase.java:54) ~[hibernate-core-5.6.9.Final.jar:5.6.9.Final]
	... 33 common frames omitted

٢٠٢٢-٠٦-١٢ ٠٢:٤٨:٠١.٠٥٥  INFO 14684 --- [main] o.h.e.t.j.p.i.JtaPlatformInitiator       : HHH000490: Using JtaPlatform implementation: [org.hibernate.engine.transaction.jta.platform.internal.NoJtaPlatform]
٢٠٢٢-٠٦-١٢ ٠٢:٤٨:٠١.١٩٧  INFO 14684 --- [main] j.LocalContainerEntityManagerFactoryBean : Initialized JPA EntityManagerFactory for persistence unit 'default'
٢٠٢٢-٠٦-١٢ ٠٢:٤٨:٠٣.٥١٥  WARN 14684 --- [main] JpaBaseConfiguration$JpaWebConfiguration : spring.jpa.open-in-view is enabled by default. Therefore, database queries may be performed during view rendering. Explicitly configure spring.jpa.open-in-view to disable this warning
٢٠٢٢-٠٦-١٢ ٠٢:٤٨:٠٣.٩٥٥  INFO 14684 --- [main] o.s.s.web.DefaultSecurityFilterChain     : Will secure any request with [org.springframework.security.web.session.DisableEncodeUrlFilter@62f305bc, org.springframework.security.web.context.request.async.WebAsyncManagerIntegrationFilter@729c8def, org.springframework.security.web.context.SecurityContextPersistenceFilter@208185c0, org.springframework.security.web.header.HeaderWriterFilter@1504b493, org.springframework.security.web.authentication.logout.LogoutFilter@857f1a7, org.springframework.security.web.authentication.www.BasicAuthenticationFilter@14e93c46, org.springframework.security.web.savedrequest.RequestCacheAwareFilter@7741507c, org.springframework.security.web.servletapi.SecurityContextHolderAwareRequestFilter@53d2b827, org.springframework.security.web.authentication.AnonymousAuthenticationFilter@41c88e00, org.springframework.security.web.session.SessionManagementFilter@627d5f1, org.springframework.security.web.access.ExceptionTranslationFilter@5e02fb23, org.springframework.security.web.access.intercept.FilterSecurityInterceptor@5b028f58]
٢٠٢٢-٠٦-١٢ ٠٢:٤٨:٠٤.٨٢٤  INFO 14684 --- [main] o.s.b.w.embedded.tomcat.TomcatWebServer  : Tomcat started on port(s): 8080 (http) with context path ''
٢٠٢٢-٠٦-١٢ ٠٢:٤٨:٠٤.٨٤٩  INFO 14684 --- [main] c.e.f.FinalProjectApplication            : Started FinalProjectApplication in 18.11 seconds (JVM running for 24.255)
٢٠٢٢-٠٦-١٢ ٠٣:١٠:١٠.٥١٧  INFO 14684 --- [SpringApplicationShutdownHook] j.LocalContainerEntityManagerFactoryBean : Closing JPA EntityManagerFactory for persistence unit 'default'
٢٠٢٢-٠٦-١٢ ٠٣:١٠:١١.٩٧٩  INFO 14684 --- [SpringApplicationShutdownHook] com.zaxxer.hikari.HikariDataSource       : HikariPool-1 - Shutdown initiated...
٢٠٢٢-٠٦-١٢ ٠٣:١٠:١٤.٠١٤  INFO 14684 --- [SpringApplicationShutdownHook] com.zaxxer.hikari.HikariDataSource       : HikariPool-1 - Shutdown completed.
٢٠٢٢-٠٦-١٢ ٠٣:١٥:١٦.٦٥٣  INFO 17520 --- [main] c.e.f.FinalProjectApplication            : Starting FinalProjectApplication using Java 18.0.1.1 on DESKTOP-MFT0JTO with PID 17520 (C:\Users\USER\Desktop\FinalProject\target\classes started by USER in C:\Users\USER\Desktop\FinalProject)
٢٠٢٢-٠٦-١٢ ٠٣:١٥:١٦.٦٦١  INFO 17520 --- [main] c.e.f.FinalProjectApplication            : No active profile set, falling back to 1 default profile: "default"
٢٠٢٢-٠٦-١٢ ٠٣:١٥:١٨.٥٣٨  INFO 17520 --- [main] .s.d.r.c.RepositoryConfigurationDelegate : Bootstrapping Spring Data JPA repositories in DEFAULT mode.
٢٠٢٢-٠٦-١٢ ٠٣:١٥:١٨.٧٢٥  INFO 17520 --- [main] .s.d.r.c.RepositoryConfigurationDelegate : Finished Spring Data repository scanning in 158 ms. Found 4 JPA repository interfaces.
٢٠٢٢-٠٦-١٢ ٠٣:١٥:٢٠.٥٤٤  INFO 17520 --- [main] o.s.b.w.embedded.tomcat.TomcatWebServer  : Tomcat initialized with port(s): 8080 (http)
٢٠٢٢-٠٦-١٢ ٠٣:١٥:٢٠.٦٠٢  INFO 17520 --- [main] o.apache.catalina.core.StandardService   : Starting service [Tomcat]
٢٠٢٢-٠٦-١٢ ٠٣:١٥:٢٠.٦٠٤  INFO 17520 --- [main] org.apache.catalina.core.StandardEngine  : Starting Servlet engine: [Apache Tomcat/9.0.63]
٢٠٢٢-٠٦-١٢ ٠٣:١٥:٢١.٥٠٠  INFO 17520 --- [main] o.a.c.c.C.[Tomcat].[localhost].[/]       : Initializing Spring embedded WebApplicationContext
٢٠٢٢-٠٦-١٢ ٠٣:١٥:٢١.٥٠١  INFO 17520 --- [main] w.s.c.ServletWebServerApplicationContext : Root WebApplicationContext: initialization completed in 4714 ms
٢٠٢٢-٠٦-١٢ ٠٣:١٥:٢١.٨٤١  INFO 17520 --- [main] o.hibernate.jpa.internal.util.LogHelper  : HHH000204: Processing PersistenceUnitInfo [name: default]
٢٠٢٢-٠٦-١٢ ٠٣:١٥:٢١.٩٨٦  INFO 17520 --- [main] org.hibernate.Version                    : HHH000412: Hibernate ORM core version 5.6.9.Final
٢٠٢٢-٠٦-١٢ ٠٣:١٥:٢٢.٣٧٦  INFO 17520 --- [main] o.hibernate.annotations.common.Version   : HCANN000001: Hibernate Commons Annotations {5.1.2.Final}
٢٠٢٢-٠٦-١٢ ٠٣:١٥:٢٢.٥٥٥  INFO 17520 --- [main] com.zaxxer.hikari.HikariDataSource       : HikariPool-1 - Starting...
٢٠٢٢-٠٦-١٢ ٠٣:١٥:٢٥.٥٧٩  INFO 17520 --- [main] com.zaxxer.hikari.HikariDataSource       : HikariPool-1 - Start completed.
٢٠٢٢-٠٦-١٢ ٠٣:١٥:٢٥.٦١٦  INFO 17520 --- [main] org.hibernate.dialect.Dialect            : HHH000400: Using dialect: org.hibernate.dialect.MySQL5InnoDBDialect
٢٠٢٢-٠٦-١٢ ٠٣:١٥:٣٠.٨٩٩  WARN 17520 --- [main] o.h.t.s.i.ExceptionHandlerLoggedImpl     : GenerationTarget encountered exception accepting command : Error executing DDL "alter table needs add constraint FK4b7mjba3hpvbpk2sf2vdo37v0 foreign key (dite_id) references dite (id)" via JDBC Statement

org.hibernate.tool.schema.spi.CommandAcceptanceException: Error executing DDL "alter table needs add constraint FK4b7mjba3hpvbpk2sf2vdo37v0 foreign key (dite_id) references dite (id)" via JDBC Statement
	at org.hibernate.tool.schema.internal.exec.GenerationTargetToDatabase.accept(GenerationTargetToDatabase.java:67) ~[hibernate-core-5.6.9.Final.jar:5.6.9.Final]
	at org.hibernate.tool.schema.internal.AbstractSchemaMigrator.applySqlString(AbstractSchemaMigrator.java:581) ~[hibernate-core-5.6.9.Final.jar:5.6.9.Final]
	at org.hibernate.tool.schema.internal.AbstractSchemaMigrator.applySqlStrings(AbstractSchemaMigrator.java:526) ~[hibernate-core-5.6.9.Final.jar:5.6.9.Final]
	at org.hibernate.tool.schema.internal.AbstractSchemaMigrator.applyForeignKeys(AbstractSchemaMigrator.java:452) ~[hibernate-core-5.6.9.Final.jar:5.6.9.Final]
	at org.hibernate.tool.schema.internal.AbstractSchemaMigrator.performMigration(AbstractSchemaMigrator.java:263) ~[hibernate-core-5.6.9.Final.jar:5.6.9.Final]
	at org.hibernate.tool.schema.internal.AbstractSchemaMigrator.doMigration(AbstractSchemaMigrator.java:123) ~[hibernate-core-5.6.9.Final.jar:5.6.9.Final]
	at org.hibernate.tool.schema.spi.SchemaManagementToolCoordinator.performDatabaseAction(SchemaManagementToolCoordinator.java:196) ~[hibernate-core-5.6.9.Final.jar:5.6.9.Final]
	at org.hibernate.tool.schema.spi.SchemaManagementToolCoordinator.process(SchemaManagementToolCoordinator.java:85) ~[hibernate-core-5.6.9.Final.jar:5.6.9.Final]
	at org.hibernate.internal.SessionFactoryImpl.<init>(SessionFactoryImpl.java:335) ~[hibernate-core-5.6.9.Final.jar:5.6.9.Final]
	at org.hibernate.boot.internal.SessionFactoryBuilderImpl.build(SessionFactoryBuilderImpl.java:471) ~[hibernate-core-5.6.9.Final.jar:5.6.9.Final]
	at org.hibernate.jpa.boot.internal.EntityManagerFactoryBuilderImpl.build(EntityManagerFactoryBuilderImpl.java:1498) ~[hibernate-core-5.6.9.Final.jar:5.6.9.Final]
	at org.springframework.orm.jpa.vendor.SpringHibernateJpaPersistenceProvider.createContainerEntityManagerFactory(SpringHibernateJpaPersistenceProvider.java:58) ~[spring-orm-5.3.20.jar:5.3.20]
	at org.springframework.orm.jpa.LocalContainerEntityManagerFactoryBean.createNativeEntityManagerFactory(LocalContainerEntityManagerFactoryBean.java:365) ~[spring-orm-5.3.20.jar:5.3.20]
	at org.springframework.orm.jpa.AbstractEntityManagerFactoryBean.buildNativeEntityManagerFactory(AbstractEntityManagerFactoryBean.java:409) ~[spring-orm-5.3.20.jar:5.3.20]
	at org.springframework.orm.jpa.AbstractEntityManagerFactoryBean.afterPropertiesSet(AbstractEntityManagerFactoryBean.java:396) ~[spring-orm-5.3.20.jar:5.3.20]
	at org.springframework.orm.jpa.LocalContainerEntityManagerFactoryBean.afterPropertiesSet(LocalContainerEntityManagerFactoryBean.java:341) ~[spring-orm-5.3.20.jar:5.3.20]
	at org.springframework.beans.factory.support.AbstractAutowireCapableBeanFactory.invokeInitMethods(AbstractAutowireCapableBeanFactory.java:1863) ~[spring-beans-5.3.20.jar:5.3.20]
	at org.springframework.beans.factory.support.AbstractAutowireCapableBeanFactory.initializeBean(AbstractAutowireCapableBeanFactory.java:1800) ~[spring-beans-5.3.20.jar:5.3.20]
	at org.springframework.beans.factory.support.AbstractAutowireCapableBeanFactory.doCreateBean(AbstractAutowireCapableBeanFactory.java:620) ~[spring-beans-5.3.20.jar:5.3.20]
	at org.springframework.beans.factory.support.AbstractAutowireCapableBeanFactory.createBean(AbstractAutowireCapableBeanFactory.java:542) ~[spring-beans-5.3.20.jar:5.3.20]
	at org.springframework.beans.factory.support.AbstractBeanFactory.lambda$doGetBean$0(AbstractBeanFactory.java:335) ~[spring-beans-5.3.20.jar:5.3.20]
	at org.springframework.beans.factory.support.DefaultSingletonBeanRegistry.getSingleton(DefaultSingletonBeanRegistry.java:234) ~[spring-beans-5.3.20.jar:5.3.20]
	at org.springframework.beans.factory.support.AbstractBeanFactory.doGetBean(AbstractBeanFactory.java:333) ~[spring-beans-5.3.20.jar:5.3.20]
	at org.springframework.beans.factory.support.AbstractBeanFactory.getBean(AbstractBeanFactory.java:208) ~[spring-beans-5.3.20.jar:5.3.20]
	at org.springframework.context.support.AbstractApplicationContext.getBean(AbstractApplicationContext.java:1154) ~[spring-context-5.3.20.jar:5.3.20]
	at org.springframework.context.support.AbstractApplicationContext.finishBeanFactoryInitialization(AbstractApplicationContext.java:908) ~[spring-context-5.3.20.jar:5.3.20]
	at org.springframework.context.support.AbstractApplicationContext.refresh(AbstractApplicationContext.java:583) ~[spring-context-5.3.20.jar:5.3.20]
	at org.springframework.boot.web.servlet.context.ServletWebServerApplicationContext.refresh(ServletWebServerApplicationContext.java:147) ~[spring-boot-2.7.0.jar:2.7.0]
	at org.springframework.boot.SpringApplication.refresh(SpringApplication.java:734) ~[spring-boot-2.7.0.jar:2.7.0]
	at org.springframework.boot.SpringApplication.refreshContext(SpringApplication.java:408) ~[spring-boot-2.7.0.jar:2.7.0]
	at org.springframework.boot.SpringApplication.run(SpringApplication.java:308) ~[spring-boot-2.7.0.jar:2.7.0]
	at org.springframework.boot.SpringApplication.run(SpringApplication.java:1306) ~[spring-boot-2.7.0.jar:2.7.0]
	at org.springframework.boot.SpringApplication.run(SpringApplication.java:1295) ~[spring-boot-2.7.0.jar:2.7.0]
	at com.example.finalproject.FinalProjectApplication.main(FinalProjectApplication.java:10) ~[classes/:na]
Caused by: com.mysql.cj.jdbc.exceptions.MySQLQueryInterruptedException: foreign key constraints are not allowed, see https://vitess.io/blog/2021-06-15-online-ddl-why-no-fk/
	at com.mysql.cj.jdbc.exceptions.SQLError.createSQLException(SQLError.java:126) ~[mysql-connector-java-8.0.29.jar:8.0.29]
	at com.mysql.cj.jdbc.exceptions.SQLExceptionsMapping.translateException(SQLExceptionsMapping.java:122) ~[mysql-connector-java-8.0.29.jar:8.0.29]
	at com.mysql.cj.jdbc.StatementImpl.executeInternal(StatementImpl.java:763) ~[mysql-connector-java-8.0.29.jar:8.0.29]
	at com.mysql.cj.jdbc.StatementImpl.execute(StatementImpl.java:648) ~[mysql-connector-java-8.0.29.jar:8.0.29]
	at com.zaxxer.hikari.pool.ProxyStatement.execute(ProxyStatement.java:94) ~[HikariCP-4.0.3.jar:na]
	at com.zaxxer.hikari.pool.HikariProxyStatement.execute(HikariProxyStatement.java) ~[HikariCP-4.0.3.jar:na]
	at org.hibernate.tool.schema.internal.exec.GenerationTargetToDatabase.accept(GenerationTargetToDatabase.java:54) ~[hibernate-core-5.6.9.Final.jar:5.6.9.Final]
	... 33 common frames omitted

٢٠٢٢-٠٦-١٢ ٠٣:١٥:٣١.٢٤٦  WARN 17520 --- [main] o.h.t.s.i.ExceptionHandlerLoggedImpl     : GenerationTarget encountered exception accepting command : Error executing DDL "alter table needs add constraint FK9om76em4pnle1rspng1whp6hv foreign key (requirements_myusers_id) references requirements (myusers_id)" via JDBC Statement

org.hibernate.tool.schema.spi.CommandAcceptanceException: Error executing DDL "alter table needs add constraint FK9om76em4pnle1rspng1whp6hv foreign key (requirements_myusers_id) references requirements (myusers_id)" via JDBC Statement
	at org.hibernate.tool.schema.internal.exec.GenerationTargetToDatabase.accept(GenerationTargetToDatabase.java:67) ~[hibernate-core-5.6.9.Final.jar:5.6.9.Final]
	at org.hibernate.tool.schema.internal.AbstractSchemaMigrator.applySqlString(AbstractSchemaMigrator.java:581) ~[hibernate-core-5.6.9.Final.jar:5.6.9.Final]
	at org.hibernate.tool.schema.internal.AbstractSchemaMigrator.applySqlStrings(AbstractSchemaMigrator.java:526) ~[hibernate-core-5.6.9.Final.jar:5.6.9.Final]
	at org.hibernate.tool.schema.internal.AbstractSchemaMigrator.applyForeignKeys(AbstractSchemaMigrator.java:452) ~[hibernate-core-5.6.9.Final.jar:5.6.9.Final]
	at org.hibernate.tool.schema.internal.AbstractSchemaMigrator.performMigration(AbstractSchemaMigrator.java:263) ~[hibernate-core-5.6.9.Final.jar:5.6.9.Final]
	at org.hibernate.tool.schema.internal.AbstractSchemaMigrator.doMigration(AbstractSchemaMigrator.java:123) ~[hibernate-core-5.6.9.Final.jar:5.6.9.Final]
	at org.hibernate.tool.schema.spi.SchemaManagementToolCoordinator.performDatabaseAction(SchemaManagementToolCoordinator.java:196) ~[hibernate-core-5.6.9.Final.jar:5.6.9.Final]
	at org.hibernate.tool.schema.spi.SchemaManagementToolCoordinator.process(SchemaManagementToolCoordinator.java:85) ~[hibernate-core-5.6.9.Final.jar:5.6.9.Final]
	at org.hibernate.internal.SessionFactoryImpl.<init>(SessionFactoryImpl.java:335) ~[hibernate-core-5.6.9.Final.jar:5.6.9.Final]
	at org.hibernate.boot.internal.SessionFactoryBuilderImpl.build(SessionFactoryBuilderImpl.java:471) ~[hibernate-core-5.6.9.Final.jar:5.6.9.Final]
	at org.hibernate.jpa.boot.internal.EntityManagerFactoryBuilderImpl.build(EntityManagerFactoryBuilderImpl.java:1498) ~[hibernate-core-5.6.9.Final.jar:5.6.9.Final]
	at org.springframework.orm.jpa.vendor.SpringHibernateJpaPersistenceProvider.createContainerEntityManagerFactory(SpringHibernateJpaPersistenceProvider.java:58) ~[spring-orm-5.3.20.jar:5.3.20]
	at org.springframework.orm.jpa.LocalContainerEntityManagerFactoryBean.createNativeEntityManagerFactory(LocalContainerEntityManagerFactoryBean.java:365) ~[spring-orm-5.3.20.jar:5.3.20]
	at org.springframework.orm.jpa.AbstractEntityManagerFactoryBean.buildNativeEntityManagerFactory(AbstractEntityManagerFactoryBean.java:409) ~[spring-orm-5.3.20.jar:5.3.20]
	at org.springframework.orm.jpa.AbstractEntityManagerFactoryBean.afterPropertiesSet(AbstractEntityManagerFactoryBean.java:396) ~[spring-orm-5.3.20.jar:5.3.20]
	at org.springframework.orm.jpa.LocalContainerEntityManagerFactoryBean.afterPropertiesSet(LocalContainerEntityManagerFactoryBean.java:341) ~[spring-orm-5.3.20.jar:5.3.20]
	at org.springframework.beans.factory.support.AbstractAutowireCapableBeanFactory.invokeInitMethods(AbstractAutowireCapableBeanFactory.java:1863) ~[spring-beans-5.3.20.jar:5.3.20]
	at org.springframework.beans.factory.support.AbstractAutowireCapableBeanFactory.initializeBean(AbstractAutowireCapableBeanFactory.java:1800) ~[spring-beans-5.3.20.jar:5.3.20]
	at org.springframework.beans.factory.support.AbstractAutowireCapableBeanFactory.doCreateBean(AbstractAutowireCapableBeanFactory.java:620) ~[spring-beans-5.3.20.jar:5.3.20]
	at org.springframework.beans.factory.support.AbstractAutowireCapableBeanFactory.createBean(AbstractAutowireCapableBeanFactory.java:542) ~[spring-beans-5.3.20.jar:5.3.20]
	at org.springframework.beans.factory.support.AbstractBeanFactory.lambda$doGetBean$0(AbstractBeanFactory.java:335) ~[spring-beans-5.3.20.jar:5.3.20]
	at org.springframework.beans.factory.support.DefaultSingletonBeanRegistry.getSingleton(DefaultSingletonBeanRegistry.java:234) ~[spring-beans-5.3.20.jar:5.3.20]
	at org.springframework.beans.factory.support.AbstractBeanFactory.doGetBean(AbstractBeanFactory.java:333) ~[spring-beans-5.3.20.jar:5.3.20]
	at org.springframework.beans.factory.support.AbstractBeanFactory.getBean(AbstractBeanFactory.java:208) ~[spring-beans-5.3.20.jar:5.3.20]
	at org.springframework.context.support.AbstractApplicationContext.getBean(AbstractApplicationContext.java:1154) ~[spring-context-5.3.20.jar:5.3.20]
	at org.springframework.context.support.AbstractApplicationContext.finishBeanFactoryInitialization(AbstractApplicationContext.java:908) ~[spring-context-5.3.20.jar:5.3.20]
	at org.springframework.context.support.AbstractApplicationContext.refresh(AbstractApplicationContext.java:583) ~[spring-context-5.3.20.jar:5.3.20]
	at org.springframework.boot.web.servlet.context.ServletWebServerApplicationContext.refresh(ServletWebServerApplicationContext.java:147) ~[spring-boot-2.7.0.jar:2.7.0]
	at org.springframework.boot.SpringApplication.refresh(SpringApplication.java:734) ~[spring-boot-2.7.0.jar:2.7.0]
	at org.springframework.boot.SpringApplication.refreshContext(SpringApplication.java:408) ~[spring-boot-2.7.0.jar:2.7.0]
	at org.springframework.boot.SpringApplication.run(SpringApplication.java:308) ~[spring-boot-2.7.0.jar:2.7.0]
	at org.springframework.boot.SpringApplication.run(SpringApplication.java:1306) ~[spring-boot-2.7.0.jar:2.7.0]
	at org.springframework.boot.SpringApplication.run(SpringApplication.java:1295) ~[spring-boot-2.7.0.jar:2.7.0]
	at com.example.finalproject.FinalProjectApplication.main(FinalProjectApplication.java:10) ~[classes/:na]
Caused by: com.mysql.cj.jdbc.exceptions.MySQLQueryInterruptedException: foreign key constraints are not allowed, see https://vitess.io/blog/2021-06-15-online-ddl-why-no-fk/
	at com.mysql.cj.jdbc.exceptions.SQLError.createSQLException(SQLError.java:126) ~[mysql-connector-java-8.0.29.jar:8.0.29]
	at com.mysql.cj.jdbc.exceptions.SQLExceptionsMapping.translateException(SQLExceptionsMapping.java:122) ~[mysql-connector-java-8.0.29.jar:8.0.29]
	at com.mysql.cj.jdbc.StatementImpl.executeInternal(StatementImpl.java:763) ~[mysql-connector-java-8.0.29.jar:8.0.29]
	at com.mysql.cj.jdbc.StatementImpl.execute(StatementImpl.java:648) ~[mysql-connector-java-8.0.29.jar:8.0.29]
	at com.zaxxer.hikari.pool.ProxyStatement.execute(ProxyStatement.java:94) ~[HikariCP-4.0.3.jar:na]
	at com.zaxxer.hikari.pool.HikariProxyStatement.execute(HikariProxyStatement.java) ~[HikariCP-4.0.3.jar:na]
	at org.hibernate.tool.schema.internal.exec.GenerationTargetToDatabase.accept(GenerationTargetToDatabase.java:54) ~[hibernate-core-5.6.9.Final.jar:5.6.9.Final]
	... 33 common frames omitted

٢٠٢٢-٠٦-١٢ ٠٣:١٥:٣١.٧٠٣  WARN 17520 --- [main] o.h.t.s.i.ExceptionHandlerLoggedImpl     : GenerationTarget encountered exception accepting command : Error executing DDL "alter table requirements add constraint FKq0xrtk31u25ywb9b001iihtpa foreign key (myusers_id) references my_users (id)" via JDBC Statement

org.hibernate.tool.schema.spi.CommandAcceptanceException: Error executing DDL "alter table requirements add constraint FKq0xrtk31u25ywb9b001iihtpa foreign key (myusers_id) references my_users (id)" via JDBC Statement
	at org.hibernate.tool.schema.internal.exec.GenerationTargetToDatabase.accept(GenerationTargetToDatabase.java:67) ~[hibernate-core-5.6.9.Final.jar:5.6.9.Final]
	at org.hibernate.tool.schema.internal.AbstractSchemaMigrator.applySqlString(AbstractSchemaMigrator.java:581) ~[hibernate-core-5.6.9.Final.jar:5.6.9.Final]
	at org.hibernate.tool.schema.internal.AbstractSchemaMigrator.applySqlStrings(AbstractSchemaMigrator.java:526) ~[hibernate-core-5.6.9.Final.jar:5.6.9.Final]
	at org.hibernate.tool.schema.internal.AbstractSchemaMigrator.applyForeignKeys(AbstractSchemaMigrator.java:452) ~[hibernate-core-5.6.9.Final.jar:5.6.9.Final]
	at org.hibernate.tool.schema.internal.AbstractSchemaMigrator.performMigration(AbstractSchemaMigrator.java:263) ~[hibernate-core-5.6.9.Final.jar:5.6.9.Final]
	at org.hibernate.tool.schema.internal.AbstractSchemaMigrator.doMigration(AbstractSchemaMigrator.java:123) ~[hibernate-core-5.6.9.Final.jar:5.6.9.Final]
	at org.hibernate.tool.schema.spi.SchemaManagementToolCoordinator.performDatabaseAction(SchemaManagementToolCoordinator.java:196) ~[hibernate-core-5.6.9.Final.jar:5.6.9.Final]
	at org.hibernate.tool.schema.spi.SchemaManagementToolCoordinator.process(SchemaManagementToolCoordinator.java:85) ~[hibernate-core-5.6.9.Final.jar:5.6.9.Final]
	at org.hibernate.internal.SessionFactoryImpl.<init>(SessionFactoryImpl.java:335) ~[hibernate-core-5.6.9.Final.jar:5.6.9.Final]
	at org.hibernate.boot.internal.SessionFactoryBuilderImpl.build(SessionFactoryBuilderImpl.java:471) ~[hibernate-core-5.6.9.Final.jar:5.6.9.Final]
	at org.hibernate.jpa.boot.internal.EntityManagerFactoryBuilderImpl.build(EntityManagerFactoryBuilderImpl.java:1498) ~[hibernate-core-5.6.9.Final.jar:5.6.9.Final]
	at org.springframework.orm.jpa.vendor.SpringHibernateJpaPersistenceProvider.createContainerEntityManagerFactory(SpringHibernateJpaPersistenceProvider.java:58) ~[spring-orm-5.3.20.jar:5.3.20]
	at org.springframework.orm.jpa.LocalContainerEntityManagerFactoryBean.createNativeEntityManagerFactory(LocalContainerEntityManagerFactoryBean.java:365) ~[spring-orm-5.3.20.jar:5.3.20]
	at org.springframework.orm.jpa.AbstractEntityManagerFactoryBean.buildNativeEntityManagerFactory(AbstractEntityManagerFactoryBean.java:409) ~[spring-orm-5.3.20.jar:5.3.20]
	at org.springframework.orm.jpa.AbstractEntityManagerFactoryBean.afterPropertiesSet(AbstractEntityManagerFactoryBean.java:396) ~[spring-orm-5.3.20.jar:5.3.20]
	at org.springframework.orm.jpa.LocalContainerEntityManagerFactoryBean.afterPropertiesSet(LocalContainerEntityManagerFactoryBean.java:341) ~[spring-orm-5.3.20.jar:5.3.20]
	at org.springframework.beans.factory.support.AbstractAutowireCapableBeanFactory.invokeInitMethods(AbstractAutowireCapableBeanFactory.java:1863) ~[spring-beans-5.3.20.jar:5.3.20]
	at org.springframework.beans.factory.support.AbstractAutowireCapableBeanFactory.initializeBean(AbstractAutowireCapableBeanFactory.java:1800) ~[spring-beans-5.3.20.jar:5.3.20]
	at org.springframework.beans.factory.support.AbstractAutowireCapableBeanFactory.doCreateBean(AbstractAutowireCapableBeanFactory.java:620) ~[spring-beans-5.3.20.jar:5.3.20]
	at org.springframework.beans.factory.support.AbstractAutowireCapableBeanFactory.createBean(AbstractAutowireCapableBeanFactory.java:542) ~[spring-beans-5.3.20.jar:5.3.20]
	at org.springframework.beans.factory.support.AbstractBeanFactory.lambda$doGetBean$0(AbstractBeanFactory.java:335) ~[spring-beans-5.3.20.jar:5.3.20]
	at org.springframework.beans.factory.support.DefaultSingletonBeanRegistry.getSingleton(DefaultSingletonBeanRegistry.java:234) ~[spring-beans-5.3.20.jar:5.3.20]
	at org.springframework.beans.factory.support.AbstractBeanFactory.doGetBean(AbstractBeanFactory.java:333) ~[spring-beans-5.3.20.jar:5.3.20]
	at org.springframework.beans.factory.support.AbstractBeanFactory.getBean(AbstractBeanFactory.java:208) ~[spring-beans-5.3.20.jar:5.3.20]
	at org.springframework.context.support.AbstractApplicationContext.getBean(AbstractApplicationContext.java:1154) ~[spring-context-5.3.20.jar:5.3.20]
	at org.springframework.context.support.AbstractApplicationContext.finishBeanFactoryInitialization(AbstractApplicationContext.java:908) ~[spring-context-5.3.20.jar:5.3.20]
	at org.springframework.context.support.AbstractApplicationContext.refresh(AbstractApplicationContext.java:583) ~[spring-context-5.3.20.jar:5.3.20]
	at org.springframework.boot.web.servlet.context.ServletWebServerApplicationContext.refresh(ServletWebServerApplicationContext.java:147) ~[spring-boot-2.7.0.jar:2.7.0]
	at org.springframework.boot.SpringApplication.refresh(SpringApplication.java:734) ~[spring-boot-2.7.0.jar:2.7.0]
	at org.springframework.boot.SpringApplication.refreshContext(SpringApplication.java:408) ~[spring-boot-2.7.0.jar:2.7.0]
	at org.springframework.boot.SpringApplication.run(SpringApplication.java:308) ~[spring-boot-2.7.0.jar:2.7.0]
	at org.springframework.boot.SpringApplication.run(SpringApplication.java:1306) ~[spring-boot-2.7.0.jar:2.7.0]
	at org.springframework.boot.SpringApplication.run(SpringApplication.java:1295) ~[spring-boot-2.7.0.jar:2.7.0]
	at com.example.finalproject.FinalProjectApplication.main(FinalProjectApplication.java:10) ~[classes/:na]
Caused by: com.mysql.cj.jdbc.exceptions.MySQLQueryInterruptedException: foreign key constraints are not allowed, see https://vitess.io/blog/2021-06-15-online-ddl-why-no-fk/
	at com.mysql.cj.jdbc.exceptions.SQLError.createSQLException(SQLError.java:126) ~[mysql-connector-java-8.0.29.jar:8.0.29]
	at com.mysql.cj.jdbc.exceptions.SQLExceptionsMapping.translateException(SQLExceptionsMapping.java:122) ~[mysql-connector-java-8.0.29.jar:8.0.29]
	at com.mysql.cj.jdbc.StatementImpl.executeInternal(StatementImpl.java:763) ~[mysql-connector-java-8.0.29.jar:8.0.29]
	at com.mysql.cj.jdbc.StatementImpl.execute(StatementImpl.java:648) ~[mysql-connector-java-8.0.29.jar:8.0.29]
	at com.zaxxer.hikari.pool.ProxyStatement.execute(ProxyStatement.java:94) ~[HikariCP-4.0.3.jar:na]
	at com.zaxxer.hikari.pool.HikariProxyStatement.execute(HikariProxyStatement.java) ~[HikariCP-4.0.3.jar:na]
	at org.hibernate.tool.schema.internal.exec.GenerationTargetToDatabase.accept(GenerationTargetToDatabase.java:54) ~[hibernate-core-5.6.9.Final.jar:5.6.9.Final]
	... 33 common frames omitted

٢٠٢٢-٠٦-١٢ ٠٣:١٥:٣١.٧٠٦  INFO 17520 --- [main] o.h.e.t.j.p.i.JtaPlatformInitiator       : HHH000490: Using JtaPlatform implementation: [org.hibernate.engine.transaction.jta.platform.internal.NoJtaPlatform]
٢٠٢٢-٠٦-١٢ ٠٣:١٥:٣١.٧٣١  INFO 17520 --- [main] j.LocalContainerEntityManagerFactoryBean : Initialized JPA EntityManagerFactory for persistence unit 'default'
٢٠٢٢-٠٦-١٢ ٠٣:١٥:٣٢.٥١٧  WARN 17520 --- [main] JpaBaseConfiguration$JpaWebConfiguration : spring.jpa.open-in-view is enabled by default. Therefore, database queries may be performed during view rendering. Explicitly configure spring.jpa.open-in-view to disable this warning
٢٠٢٢-٠٦-١٢ ٠٣:١٥:٣٢.٨٧١  INFO 17520 --- [main] o.s.s.web.DefaultSecurityFilterChain     : Will secure any request with [org.springframework.security.web.session.DisableEncodeUrlFilter@176054b7, org.springframework.security.web.context.request.async.WebAsyncManagerIntegrationFilter@531bec12, org.springframework.security.web.context.SecurityContextPersistenceFilter@45375bdf, org.springframework.security.web.header.HeaderWriterFilter@45017263, org.springframework.security.web.authentication.logout.LogoutFilter@102c24d1, org.springframework.security.web.authentication.www.BasicAuthenticationFilter@73ff7a54, org.springframework.security.web.savedrequest.RequestCacheAwareFilter@62e586a6, org.springframework.security.web.servletapi.SecurityContextHolderAwareRequestFilter@31940d6b, org.springframework.security.web.authentication.AnonymousAuthenticationFilter@24563809, org.springframework.security.web.session.SessionManagementFilter@3539cf45, org.springframework.security.web.access.ExceptionTranslationFilter@197180a5, org.springframework.security.web.access.intercept.FilterSecurityInterceptor@4023d23f]
٢٠٢٢-٠٦-١٢ ٠٣:١٥:٣٣.٥٠٣  INFO 17520 --- [main] o.s.b.w.embedded.tomcat.TomcatWebServer  : Tomcat started on port(s): 8080 (http) with context path ''
٢٠٢٢-٠٦-١٢ ٠٣:١٥:٣٣.٥٢٠  INFO 17520 --- [main] c.e.f.FinalProjectApplication            : Started FinalProjectApplication in 18.181 seconds (JVM running for 24.116)
٢٠٢٢-٠٦-١٢ ٠٤:١٦:١٧.٤٦٣  INFO 17520 --- [SpringApplicationShutdownHook] j.LocalContainerEntityManagerFactoryBean : Closing JPA EntityManagerFactory for persistence unit 'default'
٢٠٢٢-٠٦-١٢ ٠٤:١٦:١٧.٧١٦  INFO 17520 --- [SpringApplicationShutdownHook] com.zaxxer.hikari.HikariDataSource       : HikariPool-1 - Shutdown initiated...
٢٠٢٢-٠٦-١٢ ٠٤:١٦:٢٠.٩٢٨  INFO 17520 --- [SpringApplicationShutdownHook] com.zaxxer.hikari.HikariDataSource       : HikariPool-1 - Shutdown completed.
